2024-06-25 15:03:52,492 INFO Event got <<class 'vk_api.bot_longpoll.VkBotMessageEvent'>({'group_id': 226295234, 'type': 'message_new', 'event_id': '48fdf8920573e8001b4ec6882b8cd86903ec0122', 'v': '5.199', 'object': {'message': {'date': 1719309832, 'from_id': 317178336, 'id': 25, 'out': 0, 'version': 10000067, 'attachments': [], 'conversation_message_id': 25, 'fwd_messages': [], 'important': False, 'is_hidden': False, 'peer_id': 317178336, 'random_id': 0, 'text': 'ау'}, 'client_info': {'button_actions': ['text', 'vkpay', 'open_app', 'location', 'open_link', 'open_photo', 'callback', 'intent_subscribe', 'intent_unsubscribe'], 'keyboard': True, 'inline_keyboard': True, 'carousel': True, 'lang_id': 0}}})>
2024-06-25 15:03:52,492 INFO We received an event VkBotEventType.MESSAGE_NEW
2024-06-25 15:03:52,674 DEBUG ћы не знаем как отрабатывать эти сообщени€ VkBotEventType.MESSAGE_REPLY
2024-06-25 15:17:00,979 INFO Event got <<class 'vk_api.bot_longpoll.VkBotMessageEvent'>({'group_id': 226295234, 'type': 'message_new', 'event_id': 'ea7c6a62c501ecc3d09e03532c2bd6e36a577610', 'v': '5.199', 'object': {'message': {'date': 1719310621, 'from_id': 317178336, 'id': 27, 'out': 0, 'version': 10000073, 'attachments': [], 'conversation_message_id': 27, 'fwd_messages': [], 'important': False, 'is_hidden': False, 'peer_id': 317178336, 'random_id': 0, 'text': 'ну'}, 'client_info': {'button_actions': ['text', 'vkpay', 'open_app', 'location', 'open_link', 'open_photo', 'callback', 'intent_subscribe', 'intent_unsubscribe'], 'keyboard': True, 'inline_keyboard': True, 'carousel': True, 'lang_id': 0}}})>
2024-06-25 15:17:00,979 INFO We received an event VkBotEventType.MESSAGE_NEW
2024-06-25 15:17:01,218 DEBUG ћы не знаем как отрабатывать эти сообщени€ VkBotEventType.MESSAGE_REPLY
2024-06-25 16:09:00,443 INFO Event got <<class 'vk_api.bot_longpoll.VkBotMessageEvent'>({'group_id': 226295234, 'type': 'message_new', 'event_id': '5208ead204d4c6116273e62e57524b2b1a9c1a6a', 'v': '5.199', 'object': {'message': {'date': 1719313740, 'from_id': 317178336, 'id': 29, 'out': 0, 'version': 10000079, 'attachments': [], 'conversation_message_id': 29, 'fwd_messages': [], 'important': False, 'is_hidden': False, 'peer_id': 317178336, 'random_id': 0, 'text': 'привет'}, 'client_info': {'button_actions': ['text', 'vkpay', 'open_app', 'location', 'open_link', 'open_photo', 'callback', 'intent_subscribe', 'intent_unsubscribe'], 'keyboard': True, 'inline_keyboard': True, 'carousel': True, 'lang_id': 0}}})>
2024-06-25 16:09:00,444 INFO We received an event VkBotEventType.MESSAGE_NEW
2024-06-25 16:09:00,637 DEBUG ћы не знаем как отрабатывать эти сообщени€ VkBotEventType.MESSAGE_REPLY
2024-06-25 16:09:03,665 INFO Event got <<class 'vk_api.bot_longpoll.VkBotMessageEvent'>({'group_id': 226295234, 'type': 'message_new', 'event_id': 'f2dbf602cbc9089ee150f7a02d1011a7d647aa35', 'v': '5.199', 'object': {'message': {'date': 1719313744, 'from_id': 317178336, 'id': 31, 'out': 0, 'version': 10000085, 'attachments': [], 'conversation_message_id': 31, 'fwd_messages': [], 'important': False, 'is_hidden': False, 'peer_id': 317178336, 'random_id': 0, 'text': 'жду'}, 'client_info': {'button_actions': ['text', 'vkpay', 'open_app', 'location', 'open_link', 'open_photo', 'callback', 'intent_subscribe', 'intent_unsubscribe'], 'keyboard': True, 'inline_keyboard': True, 'carousel': True, 'lang_id': 0}}})>
2024-06-25 16:09:03,665 INFO We received an event VkBotEventType.MESSAGE_NEW
2024-06-25 16:09:03,823 DEBUG ћы не знаем как отрабатывать эти сообщени€ VkBotEventType.MESSAGE_REPLY
2024-06-25 16:09:10,190 INFO Event got <<class 'vk_api.bot_longpoll.VkBotMessageEvent'>({'group_id': 226295234, 'type': 'message_new', 'event_id': '4b9ee588c167cd2b92965299a7e19efd0197a4f5', 'v': '5.199', 'object': {'message': {'date': 1719313750, 'from_id': 317178336, 'id': 33, 'out': 0, 'version': 10000091, 'attachments': [], 'conversation_message_id': 33, 'fwd_messages': [], 'important': False, 'is_hidden': False, 'peer_id': 317178336, 'random_id': 0, 'text': 'эхо'}, 'client_info': {'button_actions': ['text', 'vkpay', 'open_app', 'location', 'open_link', 'open_photo', 'callback', 'intent_subscribe', 'intent_unsubscribe'], 'keyboard': True, 'inline_keyboard': True, 'carousel': True, 'lang_id': 0}}})>
2024-06-25 16:09:10,190 INFO We received an event VkBotEventType.MESSAGE_NEW
2024-06-25 16:09:10,337 DEBUG ћы не знаем как отрабатывать эти сообщени€ VkBotEventType.MESSAGE_REPLY
2024-06-27 09:21:32,089 DEBUG ћы не знаем как отрабатывать эти сообщени€ VkBotEventType.MESSAGE_REPLY
2024-06-27 09:22:06,114 INFO Event got <<class 'vk_api.bot_longpoll.VkBotMessageEvent'>({'group_id': 226295234, 'type': 'message_new', 'event_id': 'ccf545185b472f1f2680e4391acae45c2283e6cd', 'v': '5.199', 'object': {'message': {'date': 1719462127, 'from_id': 317178336, 'id': 37, 'out': 0, 'version': 10000103, 'attachments': [], 'conversation_message_id': 37, 'fwd_messages': [], 'important': False, 'is_hidden': False, 'peer_id': 317178336, 'random_id': 0, 'text': 'привет'}, 'client_info': {'button_actions': ['text', 'vkpay', 'open_app', 'location', 'open_link', 'callback', 'intent_subscribe', 'intent_unsubscribe'], 'keyboard': True, 'inline_keyboard': True, 'carousel': True, 'lang_id': 0}}})>
2024-06-27 09:22:06,115 INFO We received an event VkBotEventType.MESSAGE_NEW
2024-06-27 09:22:06,255 DEBUG ћы не знаем как отрабатывать эти сообщени€ VkBotEventType.MESSAGE_REPLY
2024-06-27 09:22:24,672 INFO Event got <<class 'vk_api.bot_longpoll.VkBotMessageEvent'>({'group_id': 226295234, 'type': 'message_new', 'event_id': '002db831184bd17db4effe3cde00e38136125346', 'v': '5.199', 'object': {'message': {'date': 1719462146, 'from_id': 317178336, 'id': 39, 'out': 0, 'version': 10000109, 'attachments': [], 'conversation_message_id': 39, 'fwd_messages': [], 'important': False, 'is_hidden': False, 'peer_id': 317178336, 'random_id': 0, 'text': 'a'}, 'client_info': {'button_actions': ['text', 'vkpay', 'open_app', 'location', 'open_link', 'callback', 'intent_subscribe', 'intent_unsubscribe'], 'keyboard': True, 'inline_keyboard': True, 'carousel': True, 'lang_id': 0}}})>
2024-06-27 09:22:24,672 INFO We received an event VkBotEventType.MESSAGE_NEW
2024-06-27 09:22:24,814 DEBUG ћы не знаем как отрабатывать эти сообщени€ VkBotEventType.MESSAGE_REPLY
2024-06-27 09:22:26,448 INFO Event got <<class 'vk_api.bot_longpoll.VkBotMessageEvent'>({'group_id': 226295234, 'type': 'message_new', 'event_id': '650a8fb7b82aa43663a9fd2b6d5dc11c8658f061', 'v': '5.199', 'object': {'message': {'date': 1719462147, 'from_id': 317178336, 'id': 41, 'out': 0, 'version': 10000115, 'attachments': [], 'conversation_message_id': 41, 'fwd_messages': [], 'important': False, 'is_hidden': False, 'peer_id': 317178336, 'random_id': 0, 'text': 's'}, 'client_info': {'button_actions': ['text', 'vkpay', 'open_app', 'location', 'open_link', 'callback', 'intent_subscribe', 'intent_unsubscribe'], 'keyboard': True, 'inline_keyboard': True, 'carousel': True, 'lang_id': 0}}})>
2024-06-27 09:22:26,448 INFO We received an event VkBotEventType.MESSAGE_NEW
2024-06-27 09:22:26,594 DEBUG ћы не знаем как отрабатывать эти сообщени€ VkBotEventType.MESSAGE_REPLY
2024-06-27 09:22:27,207 INFO Event got <<class 'vk_api.bot_longpoll.VkBotMessageEvent'>({'group_id': 226295234, 'type': 'message_new', 'event_id': 'b572b8bf6166967be536665525c9fd4cba2804c1', 'v': '5.199', 'object': {'message': {'date': 1719462148, 'from_id': 317178336, 'id': 43, 'out': 0, 'version': 10000121, 'attachments': [], 'conversation_message_id': 43, 'fwd_messages': [], 'important': False, 'is_hidden': False, 'peer_id': 317178336, 'random_id': 0, 'text': 'в'}, 'client_info': {'button_actions': ['text', 'vkpay', 'open_app', 'location', 'open_link', 'callback', 'intent_subscribe', 'intent_unsubscribe'], 'keyboard': True, 'inline_keyboard': True, 'carousel': True, 'lang_id': 0}}})>
2024-06-27 09:22:27,207 INFO We received an event VkBotEventType.MESSAGE_NEW
2024-06-27 09:22:27,364 DEBUG ћы не знаем как отрабатывать эти сообщени€ VkBotEventType.MESSAGE_REPLY
2024-06-27 09:22:28,095 INFO Event got <<class 'vk_api.bot_longpoll.VkBotMessageEvent'>({'group_id': 226295234, 'type': 'message_new', 'event_id': '911d2fecbadbd27d363a68698890c7972144ce20', 'v': '5.199', 'object': {'message': {'date': 1719462149, 'from_id': 317178336, 'id': 45, 'out': 0, 'version': 10000127, 'attachments': [], 'conversation_message_id': 45, 'fwd_messages': [], 'important': False, 'is_hidden': False, 'peer_id': 317178336, 'random_id': 0, 'text': 'а'}, 'client_info': {'button_actions': ['text', 'vkpay', 'open_app', 'location', 'open_link', 'callback', 'intent_subscribe', 'intent_unsubscribe'], 'keyboard': True, 'inline_keyboard': True, 'carousel': True, 'lang_id': 0}}})>
2024-06-27 09:22:28,096 INFO We received an event VkBotEventType.MESSAGE_NEW
2024-06-27 09:22:28,261 DEBUG ћы не знаем как отрабатывать эти сообщени€ VkBotEventType.MESSAGE_REPLY
2024-07-12 14:31:36,381 INFO Event got <<class 'vk_api.bot_longpoll.VkBotMessageEvent'>({'group_id': 226295234, 'type': 'message_new', 'event_id': '1868cf15c521fd3f113ab475875a435abac3dbc0', 'v': '5.199', 'object': {'message': {'date': 1720776696, 'from_id': 317178336, 'id': 47, 'out': 0, 'version': 10000133, 'attachments': [], 'conversation_message_id': 47, 'fwd_messages': [], 'important': False, 'is_hidden': False, 'peer_id': 317178336, 'random_id': 0, 'text': 'привет'}, 'client_info': {'button_actions': ['text', 'vkpay', 'open_app', 'location', 'open_link', 'callback', 'intent_subscribe', 'intent_unsubscribe'], 'keyboard': True, 'inline_keyboard': True, 'carousel': True, 'lang_id': 0}}})>
2024-07-12 14:31:36,381 INFO We received an event VkBotEventType.MESSAGE_NEW
2024-07-12 14:31:36,541 DEBUG ћы не знаем как отрабатывать эти сообщени€ VkBotEventType.MESSAGE_REPLY
2024-07-12 14:31:58,686 INFO Event got <<class 'vk_api.bot_longpoll.VkBotMessageEvent'>({'group_id': 226295234, 'type': 'message_new', 'event_id': 'e23eb6ed42075ddff0db0202023c2e4f53e97a02', 'v': '5.199', 'object': {'message': {'date': 1720776719, 'from_id': 317178336, 'id': 49, 'out': 0, 'version': 10000139, 'attachments': [], 'conversation_message_id': 49, 'fwd_messages': [], 'important': False, 'is_hidden': False, 'peer_id': 317178336, 'random_id': 0, 'text': 'привет'}, 'client_info': {'button_actions': ['text', 'vkpay', 'open_app', 'location', 'open_link', 'callback', 'intent_subscribe', 'intent_unsubscribe'], 'keyboard': True, 'inline_keyboard': True, 'carousel': True, 'lang_id': 0}}})>
2024-07-12 14:31:58,686 INFO We received an event VkBotEventType.MESSAGE_NEW
2024-07-12 14:31:58,884 DEBUG ћы не знаем как отрабатывать эти сообщени€ VkBotEventType.MESSAGE_REPLY
2024-07-12 14:32:58,675 DEBUG ћы не знаем как отрабатывать эти сообщени€ VkBotEventType.MESSAGE_REPLY
2024-07-12 14:33:05,835 DEBUG ћы не знаем как отрабатывать эти сообщени€ VkBotEventType.MESSAGE_REPLY
2024-07-12 14:33:34,498 DEBUG ћы не знаем как отрабатывать эти сообщени€ VkBotEventType.MESSAGE_REPLY
2024-07-12 14:34:43,614 DEBUG ћы не знаем как отрабатывать эти сообщени€ VkBotEventType.MESSAGE_REPLY
2024-07-12 14:34:54,947 DEBUG ћы не знаем как отрабатывать эти сообщени€ VkBotEventType.MESSAGE_REPLY
2024-08-13 11:22:13,164 INFO Event got <<class 'vk_api.bot_longpoll.VkBotMessageEvent'>({'group_id': 226295234, 'type': 'message_new', 'event_id': 'ee6b18f5796b06ba911733dee10dd440fbe592da', 'v': '5.199', 'object': {'message': {'date': 1723530138, 'from_id': 317178336, 'id': 56, 'out': 0, 'version': 10000150, 'attachments': [], 'conversation_message_id': 56, 'fwd_messages': [], 'important': False, 'is_hidden': False, 'peer_id': 317178336, 'random_id': 0, 'text': 'привет'}, 'client_info': {'button_actions': ['text', 'vkpay', 'open_app', 'location', 'open_link', 'open_photo', 'callback', 'intent_subscribe', 'intent_unsubscribe'], 'keyboard': True, 'inline_keyboard': True, 'carousel': True, 'lang_id': 0}}})>
2024-08-13 11:22:13,164 INFO We received an event VkBotEventType.MESSAGE_NEW
2024-08-13 11:22:13,412 DEBUG ћы не знаем как отрабатывать эти сообщени€ VkBotEventType.MESSAGE_REPLY
2024-08-13 11:22:24,483 INFO Event got <<class 'vk_api.bot_longpoll.VkBotMessageEvent'>({'group_id': 226295234, 'type': 'message_new', 'event_id': '68f6672ddb51fef693221bbb9cfc6163324227f2', 'v': '5.199', 'object': {'message': {'date': 1723530149, 'from_id': 317178336, 'id': 58, 'out': 0, 'version': 10000156, 'attachments': [], 'conversation_message_id': 58, 'fwd_messages': [], 'important': False, 'is_hidden': False, 'peer_id': 317178336, 'random_id': 0, 'text': 'эхо бот'}, 'client_info': {'button_actions': ['text', 'vkpay', 'open_app', 'location', 'open_link', 'open_photo', 'callback', 'intent_subscribe', 'intent_unsubscribe'], 'keyboard': True, 'inline_keyboard': True, 'carousel': True, 'lang_id': 0}}})>
2024-08-13 11:22:24,483 INFO We received an event VkBotEventType.MESSAGE_NEW
2024-08-13 11:22:24,639 DEBUG ћы не знаем как отрабатывать эти сообщени€ VkBotEventType.MESSAGE_REPLY
